<?xml version="1.0" encoding="utf-8"?>
<CatapultTargetOutput
  GeneratedTarget="/Output/MUSE/All About San Diego PDF/All About San Diego PDF.pdf"
  BuildVersion="14.1.6875.33553">
  <Files>
    <Url
      Source="Output/MUSE/Temporary/All About San Diego PDF/All About San Diego PDF_189773F0/Resources/Images/growler_usa-3443_web.jpg" />
    <Url
      Source="Output/MUSE/Temporary/All About San Diego PDF/All About San Diego PDF_189773F0/Resources/Images/Macon, GA.jpg" />
    <Url
      Source="Output/MUSE/Temporary/All About San Diego PDF/All About San Diego PDF_189773F0/Resources/Images/DropDownOpen.png" />
    <Url
      Source="Output/MUSE/Temporary/All About San Diego PDF/All About San Diego PDF_189773F0/Resources/Images/Central Georgia Technical College.jpg" />
    <Url
      Source="Output/MUSE/Temporary/All About San Diego PDF/All About San Diego PDF_189773F0/Resources/Images/Ocmulgee Brewpub.jpg" />
    <Url
      Source="Output/MUSE/Temporary/All About San Diego PDF/All About San Diego PDF_189773F0/Resources/Images/Middle Georgia State.jpg" />
    <Url
      Source="Output/MUSE/Temporary/All About San Diego PDF/All About San Diego PDF_189773F0/Resources/Images/reboot-macon-ga-1.jpg" />
    <Url
      Source="Output/MUSE/Temporary/All About San Diego PDF/All About San Diego PDF_189773F0/Resources/Images/Spud Dogs.jpg" />
    <Url
      Source="Output/MUSE/Temporary/All About San Diego PDF/All About San Diego PDF_189773F0/Resources/Images/The Bears Den.jpg" />
    <Url
      Source="Output/MUSE/Temporary/All About San Diego PDF/All About San Diego PDF_189773F0/Resources/Images/Parish.jpg" />
    <Url
      Source="Output/MUSE/All About San Diego PDF/All About San Diego PDF.pdf" />
    <Url
      Source="Output/MUSE/Temporary/All About San Diego PDF/All About San Diego PDF_189773F0/Resources/Images/Georgia College.jpg" />
    <Url
      Source="Output/MUSE/Temporary/All About San Diego PDF/All About San Diego PDF_189773F0/Resources/Images/The Rookery.jpg" />
    <Url
      Source="Output/MUSE/Temporary/All About San Diego PDF/All About San Diego PDF_189773F0/Resources/Images/HeroImage.jpg" />
    <Url
      Source="Output/MUSE/Temporary/All About San Diego PDF/All About San Diego PDF_189773F0/Resources/Images/jt-macon-1024x683.jpg" />
    <Url
      Source="Output/MUSE/Temporary/All About San Diego PDF/All About San Diego PDF_189773F0/Resources/TableStyles/Simple.css" />
    <Url
      Source="Output/MUSE/Temporary/All About San Diego PDF/All About San Diego PDF_189773F0/Resources/Images/Mercer.jpg" />
    <Url
      Source="Output/MUSE/Temporary/All About San Diego PDF/All About San Diego PDF_189773F0/Resources/Images/LIve_Music_Greg.jpg" />
    <Url
      Source="Output/MUSE/Temporary/All About San Diego PDF/All About San Diego PDF_189773F0/Resources/Images/H&amp;H.jpg" />
    <Url
      Source="Output/MUSE/Temporary/All About San Diego PDF/All About San Diego PDF_189773F0/Resources/Images/Wesleyan College.jpg" />
    <Url
      Source="Output/MUSE/Temporary/All About San Diego PDF/All About San Diego PDF_189773F0/Resources/Images/DropDownClosed.png" />
    <Url
      Source="Output/MUSE/Temporary/All About San Diego PDF/All About San Diego PDF_189773F0/Resources/Images/The Hummingbird.jpg" />
  </Files>
  <Skins />
</CatapultTargetOutput>